<?xml version="1.0" encoding="UTF-8"?>
<testsuite name="springboot.web.IndexControllerTest" tests="1" skipped="0" failures="0" errors="0" timestamp="2021-01-30T11:49:39" hostname="DESKTOP-G6DFFCG" time="0.262">
  <properties/>
  <testcase name="메인페이지_로딩" classname="springboot.web.IndexControllerTest" time="0.262"/>
  <system-out><![CDATA[2021-01-30 20:49:36.289  INFO 26632 --- [    Test worker] .b.t.c.SpringBootTestContextBootstrapper : Neither @ContextConfiguration nor @ContextHierarchy found for test class [springboot.web.IndexControllerTest], using SpringBootContextLoader
2021-01-30 20:49:36.290  INFO 26632 --- [    Test worker] o.s.t.c.support.AbstractContextLoader    : Could not detect default resource locations for test class [springboot.web.IndexControllerTest]: no resource found for suffixes {-context.xml, Context.groovy}.
2021-01-30 20:49:36.290  INFO 26632 --- [    Test worker] t.c.s.AnnotationConfigContextLoaderUtils : Could not detect default configuration classes for test class [springboot.web.IndexControllerTest]: IndexControllerTest does not declare any static, non-private, non-final, nested classes annotated with @Configuration.
2021-01-30 20:49:36.292  INFO 26632 --- [    Test worker] .b.t.c.SpringBootTestContextBootstrapper : Found @SpringBootConfiguration springboot.Application for test class springboot.web.IndexControllerTest
2021-01-30 20:49:36.294  INFO 26632 --- [    Test worker] .b.t.c.SpringBootTestContextBootstrapper : Loaded default TestExecutionListener class names from location [META-INF/spring.factories]: [org.springframework.security.test.context.support.WithSecurityContextTestExecutionListener, org.springframework.security.test.context.support.ReactorContextTestExecutionListener, org.springframework.boot.test.autoconfigure.restdocs.RestDocsTestExecutionListener, org.springframework.boot.test.autoconfigure.web.client.MockRestServiceServerResetTestExecutionListener, org.springframework.boot.test.autoconfigure.web.servlet.MockMvcPrintOnlyOnFailureTestExecutionListener, org.springframework.boot.test.autoconfigure.web.servlet.WebDriverTestExecutionListener, org.springframework.boot.test.mock.mockito.MockitoTestExecutionListener, org.springframework.boot.test.mock.mockito.ResetMocksTestExecutionListener, org.springframework.test.context.web.ServletTestExecutionListener, org.springframework.test.context.support.DirtiesContextBeforeModesTestExecutionListener, org.springframework.test.context.support.DependencyInjectionTestExecutionListener, org.springframework.test.context.support.DirtiesContextTestExecutionListener, org.springframework.test.context.transaction.TransactionalTestExecutionListener, org.springframework.test.context.jdbc.SqlScriptsTestExecutionListener]
2021-01-30 20:49:36.295  INFO 26632 --- [    Test worker] .b.t.c.SpringBootTestContextBootstrapper : Using TestExecutionListeners: [org.springframework.test.context.web.ServletTestExecutionListener@16ef6573, org.springframework.test.context.support.DirtiesContextBeforeModesTestExecutionListener@1fc30e24, org.springframework.boot.test.mock.mockito.MockitoTestExecutionListener@752a21c5, org.springframework.boot.test.autoconfigure.SpringBootDependencyInjectionTestExecutionListener@2e1dcc99, org.springframework.test.context.support.DirtiesContextTestExecutionListener@4334e0d4, org.springframework.test.context.transaction.TransactionalTestExecutionListener@448174b8, org.springframework.test.context.jdbc.SqlScriptsTestExecutionListener@608151e4, org.springframework.security.test.context.support.WithSecurityContextTestExecutionListener@20b82069, org.springframework.security.test.context.support.ReactorContextTestExecutionListener@446e56ea, org.springframework.boot.test.autoconfigure.restdocs.RestDocsTestExecutionListener@b05de6b, org.springframework.boot.test.autoconfigure.web.client.MockRestServiceServerResetTestExecutionListener@6161b09e, org.springframework.boot.test.autoconfigure.web.servlet.MockMvcPrintOnlyOnFailureTestExecutionListener@3b7fb3, org.springframework.boot.test.autoconfigure.web.servlet.WebDriverTestExecutionListener@3654a058, org.springframework.boot.test.mock.mockito.ResetMocksTestExecutionListener@1307c67f]

  .   ____          _            __ _ _
 /\\ / ___'_ __ _ _(_)_ __  __ _ \ \ \ \
( ( )\___ | '_ | '_| | '_ \/ _` | \ \ \ \
 \\/  ___)| |_)| | | | | || (_| |  ) ) ) )
  '  |____| .__|_| |_|_| |_\__, | / / / /
 =========|_|==============|___/=/_/_/_/
 :: Spring Boot ::        (v2.1.7.RELEASE)

2021-01-30 20:49:36.352  INFO 26632 --- [    Test worker] springboot.web.IndexControllerTest       : Starting IndexControllerTest on DESKTOP-G6DFFCG with PID 26632 (started by dufwj in C:\Users\dufwj\IdeaProjects\springold)
2021-01-30 20:49:36.353  INFO 26632 --- [    Test worker] springboot.web.IndexControllerTest       : No active profile set, falling back to default profiles: default
2021-01-30 20:49:36.705  INFO 26632 --- [    Test worker] .s.d.r.c.RepositoryConfigurationDelegate : Bootstrapping Spring Data repositories in DEFAULT mode.
2021-01-30 20:49:36.751  INFO 26632 --- [    Test worker] .s.d.r.c.RepositoryConfigurationDelegate : Finished Spring Data repository scanning in 46ms. Found 2 repository interfaces.
2021-01-30 20:49:36.906  INFO 26632 --- [    Test worker] trationDelegate$BeanPostProcessorChecker : Bean 'org.springframework.transaction.annotation.ProxyTransactionManagementConfiguration' of type [org.springframework.transaction.annotation.ProxyTransactionManagementConfiguration$$EnhancerBySpringCGLIB$$c452ebd5] is not eligible for getting processed by all BeanPostProcessors (for example: not eligible for auto-proxying)
2021-01-30 20:49:37.302  INFO 26632 --- [    Test worker] o.s.b.w.embedded.tomcat.TomcatWebServer  : Tomcat initialized with port(s): 0 (http)
2021-01-30 20:49:37.341  INFO 26632 --- [    Test worker] o.apache.catalina.core.StandardService   : Starting service [Tomcat]
2021-01-30 20:49:37.341  INFO 26632 --- [    Test worker] org.apache.catalina.core.StandardEngine  : Starting Servlet engine: [Apache Tomcat/9.0.22]
2021-01-30 20:49:37.573  INFO 26632 --- [    Test worker] o.a.c.c.C.[Tomcat].[localhost].[/]       : Initializing Spring embedded WebApplicationContext
2021-01-30 20:49:37.573  INFO 26632 --- [    Test worker] o.s.web.context.ContextLoader            : Root WebApplicationContext: initialization completed in 1215 ms
2021-01-30 20:49:37.863  INFO 26632 --- [    Test worker] com.zaxxer.hikari.HikariDataSource       : HikariPool-2 - Starting...
2021-01-30 20:49:37.864  INFO 26632 --- [    Test worker] com.zaxxer.hikari.HikariDataSource       : HikariPool-2 - Start completed.
2021-01-30 20:49:37.934  INFO 26632 --- [    Test worker] o.hibernate.jpa.internal.util.LogHelper  : HHH000204: Processing PersistenceUnitInfo [
	name: default
	...]
2021-01-30 20:49:37.949  INFO 26632 --- [    Test worker] org.hibernate.dialect.Dialect            : HHH000400: Using dialect: org.hibernate.dialect.MySQL5InnoDBDialect
Hibernate: drop table if exists posts
Hibernate: drop table if exists user
Hibernate: create table posts (id bigint not null auto_increment, created_date datetime, modified_date datetime, author varchar(255), content TEXT not null, title varchar(500) not null, primary key (id)) engine=InnoDB
Hibernate: create table user (id bigint not null auto_increment, created_date datetime, modified_date datetime, email varchar(255) not null, name varchar(255) not null, picture varchar(255), role varchar(255) not null, primary key (id)) engine=InnoDB
2021-01-30 20:49:38.034  INFO 26632 --- [    Test worker] o.h.t.schema.internal.SchemaCreatorImpl  : HHH000476: Executing import script 'org.hibernate.tool.schema.internal.exec.ScriptSourceInputNonExistentImpl@35dc43dd'
2021-01-30 20:49:38.035  INFO 26632 --- [    Test worker] j.LocalContainerEntityManagerFactoryBean : Initialized JPA EntityManagerFactory for persistence unit 'default'
2021-01-30 20:49:38.589  INFO 26632 --- [    Test worker] o.h.h.i.QueryTranslatorFactoryInitiator  : HHH000397: Using ASTQueryTranslatorFactory
2021-01-30 20:49:38.843  INFO 26632 --- [    Test worker] o.s.s.web.DefaultSecurityFilterChain     : Creating filter chain: any request, [org.springframework.security.web.context.request.async.WebAsyncManagerIntegrationFilter@4e90ef43, org.springframework.security.web.context.SecurityContextPersistenceFilter@221041d1, org.springframework.security.web.header.HeaderWriterFilter@3e08808d, org.springframework.security.web.authentication.logout.LogoutFilter@59e9bfb0, org.springframework.security.oauth2.client.web.OAuth2AuthorizationRequestRedirectFilter@7245a8ef, org.springframework.security.oauth2.client.web.OAuth2LoginAuthenticationFilter@bc46cef, org.springframework.security.web.authentication.ui.DefaultLoginPageGeneratingFilter@79d76792, org.springframework.security.web.authentication.ui.DefaultLogoutPageGeneratingFilter@78234b57, org.springframework.security.web.savedrequest.RequestCacheAwareFilter@2b276a6c, org.springframework.security.web.servletapi.SecurityContextHolderAwareRequestFilter@51518b6d, org.springframework.security.web.authentication.AnonymousAuthenticationFilter@27fe866c, org.springframework.security.web.session.SessionManagementFilter@7daaa09d, org.springframework.security.web.access.ExceptionTranslationFilter@2235717e, org.springframework.security.web.access.intercept.FilterSecurityInterceptor@20c2c8fe]
2021-01-30 20:49:39.138  INFO 26632 --- [    Test worker] o.s.s.concurrent.ThreadPoolTaskExecutor  : Initializing ExecutorService 'applicationTaskExecutor'
2021-01-30 20:49:39.156  WARN 26632 --- [    Test worker] aWebConfiguration$JpaWebMvcConfiguration : spring.jpa.open-in-view is enabled by default. Therefore, database queries may be performed during view rendering. Explicitly configure spring.jpa.open-in-view to disable this warning
2021-01-30 20:49:39.199  INFO 26632 --- [    Test worker] o.s.b.a.w.s.WelcomePageHandlerMapping    : Adding welcome page template: index
2021-01-30 20:49:39.638  INFO 26632 --- [    Test worker] s.a.ScheduledAnnotationBeanPostProcessor : No TaskScheduler/ScheduledExecutorService bean found for scheduled processing
2021-01-30 20:49:39.668  INFO 26632 --- [    Test worker] o.s.b.w.embedded.tomcat.TomcatWebServer  : Tomcat started on port(s): 1240 (http) with context path ''
2021-01-30 20:49:39.669  INFO 26632 --- [    Test worker] springboot.web.IndexControllerTest       : Started IndexControllerTest in 3.371 seconds (JVM running for 17.141)
2021-01-30 20:49:39.798  INFO 26632 --- [o-auto-1-exec-1] o.a.c.c.C.[Tomcat].[localhost].[/]       : Initializing Spring DispatcherServlet 'dispatcherServlet'
2021-01-30 20:49:39.799  INFO 26632 --- [o-auto-1-exec-1] o.s.web.servlet.DispatcherServlet        : Initializing Servlet 'dispatcherServlet'
2021-01-30 20:49:39.832  INFO 26632 --- [o-auto-1-exec-1] o.s.web.servlet.DispatcherServlet        : Completed initialization in 33 ms
Hibernate: select posts0_.id as id1_0_, posts0_.created_date as created_2_0_, posts0_.modified_date as modified3_0_, posts0_.author as author4_0_, posts0_.content as content5_0_, posts0_.title as title6_0_ from posts posts0_ order by posts0_.id DESC
]]></system-out>
  <system-err><![CDATA[]]></system-err>
</testsuite>
